<testsuites id="" name="" tests="3" failures="3" skipped="0" errors="0" time="0.717652">
<testsuite name="example.spec.js" timestamp="2024-11-14T13:43:38.284Z" hostname="chromium" tests="3" failures="3" skipped="0" time="0.026" errors="0">
<testcase name="user rides › user should be able to ride" classname="example.spec.js" time="0.01">
<failure message="example.spec.js:9:3 user should be able to ride" type="FAILURE">
<![CDATA[  [chromium] › example.spec.js:9:3 › user rides › user should be able to ride ──────────────────────

    Error: browserType.launch: Executable doesn't exist at C:\Users\marco\AppData\Local\ms-playwright\chromium-1140\chrome-win\chrome.exe
    ╔═════════════════════════════════════════════════════════════════════════╗
    ║ Looks like Playwright Test or Playwright was just installed or updated. ║
    ║ Please run the following command to download new browsers:              ║
    ║                                                                         ║
    ║     yarn playwright install                                             ║
    ║                                                                         ║
    ║ <3 Playwright Team                                                      ║
    ╚═════════════════════════════════════════════════════════════════════════╝
]]>
</failure>
</testcase>
<testcase name="user rides › user above height should not be allowed" classname="example.spec.js" time="0.007">
<failure message="example.spec.js:17:3 user above height should not be allowed" type="FAILURE">
<![CDATA[  [chromium] › example.spec.js:17:3 › user rides › user above height should not be allowed ─────────

    Error: browserType.launch: Executable doesn't exist at C:\Users\marco\AppData\Local\ms-playwright\chromium-1140\chrome-win\chrome.exe
    ╔═════════════════════════════════════════════════════════════════════════╗
    ║ Looks like Playwright Test or Playwright was just installed or updated. ║
    ║ Please run the following command to download new browsers:              ║
    ║                                                                         ║
    ║     yarn playwright install                                             ║
    ║                                                                         ║
    ║ <3 Playwright Team                                                      ║
    ╚═════════════════════════════════════════════════════════════════════════╝
]]>
</failure>
</testcase>
<testcase name="user rides › user with minimum height should be allowed" classname="example.spec.js" time="0.009">
<failure message="example.spec.js:30:3 user with minimum height should be allowed" type="FAILURE">
<![CDATA[  [chromium] › example.spec.js:30:3 › user rides › user with minimum height should be allowed ──────

    Error: browserType.launch: Executable doesn't exist at C:\Users\marco\AppData\Local\ms-playwright\chromium-1140\chrome-win\chrome.exe
    ╔═════════════════════════════════════════════════════════════════════════╗
    ║ Looks like Playwright Test or Playwright was just installed or updated. ║
    ║ Please run the following command to download new browsers:              ║
    ║                                                                         ║
    ║     yarn playwright install                                             ║
    ║                                                                         ║
    ║ <3 Playwright Team                                                      ║
    ╚═════════════════════════════════════════════════════════════════════════╝
]]>
</failure>
</testcase>
</testsuite>
</testsuites>